<?xml version="1.0" encoding="UTF-8"?>
<testng-results skipped="0" failed="0" total="1" passed="1">
  <reporter-output>
  </reporter-output>
  <suite name="Suite" duration-ms="11388" started-at="2017-12-09T16:32:28Z" finished-at="2017-12-09T16:32:39Z">
    <groups>
    </groups>
    <test name="Test" duration-ms="11388" started-at="2017-12-09T16:32:28Z" finished-at="2017-12-09T16:32:39Z">
      <class name="com.SanityTests.Gmail">
        <test-method status="PASS" signature="launchBrowser()[pri:0, instance:com.SanityTests.Gmail@63ab5267]" name="launchBrowser" is-config="true" duration-ms="11120" started-at="2017-12-09T22:02:28Z" finished-at="2017-12-09T22:02:39Z">
          <reporter-output>
          </reporter-output>
        </test-method> <!-- launchBrowser -->
        <test-method status="PASS" signature="doLogin()[pri:0, instance:com.SanityTests.Gmail@63ab5267]" name="doLogin" duration-ms="72" started-at="2017-12-09T22:02:39Z" finished-at="2017-12-09T22:02:39Z">
          <reporter-output>
          </reporter-output>
        </test-method> <!-- doLogin -->
        <test-method status="PASS" signature="closeBrowser()[pri:0, instance:com.SanityTests.Gmail@63ab5267]" name="closeBrowser" is-config="true" duration-ms="1302" started-at="2017-12-09T22:02:39Z" finished-at="2017-12-09T22:02:41Z">
          <reporter-output>
          </reporter-output>
        </test-method> <!-- closeBrowser -->
      </class> <!-- com.SanityTests.Gmail -->
    </test> <!-- Test -->
  </suite> <!-- Suite -->
</testng-results>
